Determining if the system is big endian passed with the following output:
Change Dir: /home/liusanjun/my_opencv/opencv/build/CMakeFiles/CMakeTmp

Run Build Command:/usr/bin/make "cmTryCompileExec1819485029/fast"
/usr/bin/make -f CMakeFiles/cmTryCompileExec1819485029.dir/build.make CMakeFiles/cmTryCompileExec1819485029.dir/build
make[1]: Entering directory `/home/liusanjun/my_opencv/opencv/build/CMakeFiles/CMakeTmp'
/usr/bin/cmake -E cmake_progress_report /home/liusanjun/my_opencv/opencv/build/CMakeFiles/CMakeTmp/CMakeFiles 1
Building C object CMakeFiles/cmTryCompileExec1819485029.dir/TestEndianess.c.o
/usr/bin/cc   -fPIC   -fsigned-char -W -Wall -Werror=return-type -Werror=address -Werror=sequence-point -Wformat -Werror=format-security -Wmissing-declarations -Wmissing-prototypes -Wstrict-prototypes -Wundef -Winit-self -Wpointer-arith -Wshadow -Wno-narrowing -fdiagnostics-show-option -Wno-long-long -pthread -fomit-frame-pointer -msse -msse2 -msse3 -ffunction-sections  -O3 -DNDEBUG   -o CMakeFiles/cmTryCompileExec1819485029.dir/TestEndianess.c.o   -c /home/liusanjun/my_opencv/opencv/build/CMakeFiles/CMakeTmp/TestEndianess.c
Linking C executable cmTryCompileExec1819485029
/usr/bin/cmake -E cmake_link_script CMakeFiles/cmTryCompileExec1819485029.dir/link.txt --verbose=1
/usr/bin/cc   -fPIC   -fsigned-char -W -Wall -Werror=return-type -Werror=address -Werror=sequence-point -Wformat -Werror=format-security -Wmissing-declarations -Wmissing-prototypes -Wstrict-prototypes -Wundef -Winit-self -Wpointer-arith -Wshadow -Wno-narrowing -fdiagnostics-show-option -Wno-long-long -pthread -fomit-frame-pointer -msse -msse2 -msse3 -ffunction-sections  -O3 -DNDEBUG    CMakeFiles/cmTryCompileExec1819485029.dir/TestEndianess.c.o  -o cmTryCompileExec1819485029 -rdynamic 
make[1]: Leaving directory `/home/liusanjun/my_opencv/opencv/build/CMakeFiles/CMakeTmp'

TestEndianess.c:
/* A 16 bit integer is required. */
typedef unsigned short cmakeint16;

/* On a little endian machine, these 16bit ints will give "THIS IS LITTLE ENDIAN."
   On a big endian machine the characters will be exchanged pairwise. */
const cmakeint16 info_little[] =  {0x4854, 0x5349, 0x4920, 0x2053, 0x494c, 0x5454, 0x454c, 0x4520, 0x444e, 0x4149, 0x2e4e, 0x0000};

/* on a big endian machine, these 16bit ints will give "THIS IS BIG ENDIAN."
   On a little endian machine the characters will be exchanged pairwise. */
const cmakeint16 info_big[] =     {0x5448, 0x4953, 0x2049, 0x5320, 0x4249, 0x4720, 0x454e, 0x4449, 0x414e, 0x2e2e, 0x0000};

#ifdef __CLASSIC_C__
int main(argc, argv) int argc; char *argv[];
#else
int main(int argc, char *argv[])
#endif
{
  int require = 0;
  require += info_little[argc];
  require += info_big[argc];
  (void)argv;
  return require;
}


Determining size of off64_t failed with the following output:
Change Dir: /home/liusanjun/my_opencv/opencv/build/CMakeFiles/CMakeTmp

Run Build Command:/usr/bin/make "cmTryCompileExec468192022/fast"
/usr/bin/make -f CMakeFiles/cmTryCompileExec468192022.dir/build.make CMakeFiles/cmTryCompileExec468192022.dir/build
make[1]: Entering directory `/home/liusanjun/my_opencv/opencv/build/CMakeFiles/CMakeTmp'
/usr/bin/cmake -E cmake_progress_report /home/liusanjun/my_opencv/opencv/build/CMakeFiles/CMakeTmp/CMakeFiles 1
Building C object CMakeFiles/cmTryCompileExec468192022.dir/OFF64_T.c.o
/usr/bin/cc   -fPIC   -fsigned-char -W -Wall -Werror=return-type -Werror=address -Werror=sequence-point -Wformat -Werror=format-security -Wmissing-declarations -Wmissing-prototypes -Wstrict-prototypes -Wundef -Winit-self -Wpointer-arith -Wshadow -Wno-narrowing -fdiagnostics-show-option -Wno-long-long -pthread -fomit-frame-pointer -msse -msse2 -msse3 -ffunction-sections  -O3 -DNDEBUG   -o CMakeFiles/cmTryCompileExec468192022.dir/OFF64_T.c.o   -c /home/liusanjun/my_opencv/opencv/build/CMakeFiles/CheckTypeSize/OFF64_T.c
/home/liusanjun/my_opencv/opencv/build/CMakeFiles/CheckTypeSize/OFF64_T.c:17:22: error: ‘off64_t’ undeclared here (not in a function)
 #define SIZE (sizeof(off64_t))
                      ^
/home/liusanjun/my_opencv/opencv/build/CMakeFiles/CheckTypeSize/OFF64_T.c:19:12: note: in expansion of macro ‘SIZE’
   ('0' + ((SIZE / 10000)%10)),
            ^
make[1]: *** [CMakeFiles/cmTryCompileExec468192022.dir/OFF64_T.c.o] Error 1
make[1]: Leaving directory `/home/liusanjun/my_opencv/opencv/build/CMakeFiles/CMakeTmp'
make: *** [cmTryCompileExec468192022/fast] Error 2

/home/liusanjun/my_opencv/opencv/build/CMakeFiles/CheckTypeSize/OFF64_T.c:
#include <sys/types.h>
#include <stdint.h>
#include <stddef.h>


#undef KEY
#if defined(__i386)
# define KEY '_','_','i','3','8','6'
#elif defined(__x86_64)
# define KEY '_','_','x','8','6','_','6','4'
#elif defined(__ppc__)
# define KEY '_','_','p','p','c','_','_'
#elif defined(__ppc64__)
# define KEY '_','_','p','p','c','6','4','_','_'
#endif

#define SIZE (sizeof(off64_t))
char info_size[] =  {'I', 'N', 'F', 'O', ':', 's','i','z','e','[',
  ('0' + ((SIZE / 10000)%10)),
  ('0' + ((SIZE / 1000)%10)),
  ('0' + ((SIZE / 100)%10)),
  ('0' + ((SIZE / 10)%10)),
  ('0' +  (SIZE    % 10)),
  ']',
#ifdef KEY
  ' ','k','e','y','[', KEY, ']',
#endif
  '\0'};

#ifdef __CLASSIC_C__
int main(argc, argv) int argc; char *argv[];
#else
int main(int argc, char *argv[])
#endif
{
  int require = 0;
  require += info_size[argc];
  (void)argv;
  return require;
}


Determining if the include file linux/videodev.h exists failed with the following output:
Change Dir: /home/liusanjun/my_opencv/opencv/build/CMakeFiles/CMakeTmp

Run Build Command:/usr/bin/make "cmTryCompileExec2960580932/fast"
/usr/bin/make -f CMakeFiles/cmTryCompileExec2960580932.dir/build.make CMakeFiles/cmTryCompileExec2960580932.dir/build
make[1]: Entering directory `/home/liusanjun/my_opencv/opencv/build/CMakeFiles/CMakeTmp'
/usr/bin/cmake -E cmake_progress_report /home/liusanjun/my_opencv/opencv/build/CMakeFiles/CMakeTmp/CMakeFiles 1
Building C object CMakeFiles/cmTryCompileExec2960580932.dir/CheckIncludeFile.c.o
/usr/bin/cc   -fPIC   -fsigned-char -W -Wall -Werror=return-type -Werror=address -Werror=sequence-point -Wformat -Werror=format-security -Wmissing-declarations -Wmissing-prototypes -Wstrict-prototypes -Wundef -Winit-self -Wpointer-arith -Wshadow -Wno-narrowing -fdiagnostics-show-option -Wno-long-long -pthread -fomit-frame-pointer -msse -msse2 -msse3 -ffunction-sections  -O3 -DNDEBUG   -o CMakeFiles/cmTryCompileExec2960580932.dir/CheckIncludeFile.c.o   -c /home/liusanjun/my_opencv/opencv/build/CMakeFiles/CMakeTmp/CheckIncludeFile.c
/home/liusanjun/my_opencv/opencv/build/CMakeFiles/CMakeTmp/CheckIncludeFile.c:1:28: fatal error: linux/videodev.h: No such file or directory
 #include <linux/videodev.h>
                            ^
compilation terminated.
make[1]: *** [CMakeFiles/cmTryCompileExec2960580932.dir/CheckIncludeFile.c.o] Error 1
make[1]: Leaving directory `/home/liusanjun/my_opencv/opencv/build/CMakeFiles/CMakeTmp'
make: *** [cmTryCompileExec2960580932/fast] Error 2


Determining if the include file sys/videoio.h exists failed with the following output:
Change Dir: /home/liusanjun/my_opencv/opencv/build/CMakeFiles/CMakeTmp

Run Build Command:/usr/bin/make "cmTryCompileExec2209128307/fast"
/usr/bin/make -f CMakeFiles/cmTryCompileExec2209128307.dir/build.make CMakeFiles/cmTryCompileExec2209128307.dir/build
make[1]: Entering directory `/home/liusanjun/my_opencv/opencv/build/CMakeFiles/CMakeTmp'
/usr/bin/cmake -E cmake_progress_report /home/liusanjun/my_opencv/opencv/build/CMakeFiles/CMakeTmp/CMakeFiles 1
Building C object CMakeFiles/cmTryCompileExec2209128307.dir/CheckIncludeFile.c.o
/usr/bin/cc   -fPIC   -fsigned-char -W -Wall -Werror=return-type -Werror=address -Werror=sequence-point -Wformat -Werror=format-security -Wmissing-declarations -Wmissing-prototypes -Wstrict-prototypes -Wundef -Winit-self -Wpointer-arith -Wshadow -Wno-narrowing -fdiagnostics-show-option -Wno-long-long -pthread -fomit-frame-pointer -msse -msse2 -msse3 -ffunction-sections  -O3 -DNDEBUG   -o CMakeFiles/cmTryCompileExec2209128307.dir/CheckIncludeFile.c.o   -c /home/liusanjun/my_opencv/opencv/build/CMakeFiles/CMakeTmp/CheckIncludeFile.c
/home/liusanjun/my_opencv/opencv/build/CMakeFiles/CMakeTmp/CheckIncludeFile.c:1:25: fatal error: sys/videoio.h: No such file or directory
 #include <sys/videoio.h>
                         ^
compilation terminated.
make[1]: *** [CMakeFiles/cmTryCompileExec2209128307.dir/CheckIncludeFile.c.o] Error 1
make[1]: Leaving directory `/home/liusanjun/my_opencv/opencv/build/CMakeFiles/CMakeTmp'
make: *** [cmTryCompileExec2209128307/fast] Error 2


Determining if the include file ffmpeg/avformat.h exists failed with the following output:
Change Dir: /home/liusanjun/my_opencv/opencv/build/CMakeFiles/CMakeTmp

Run Build Command:/usr/bin/make "cmTryCompileExec436554413/fast"
/usr/bin/make -f CMakeFiles/cmTryCompileExec436554413.dir/build.make CMakeFiles/cmTryCompileExec436554413.dir/build
make[1]: Entering directory `/home/liusanjun/my_opencv/opencv/build/CMakeFiles/CMakeTmp'
/usr/bin/cmake -E cmake_progress_report /home/liusanjun/my_opencv/opencv/build/CMakeFiles/CMakeTmp/CMakeFiles 1
Building C object CMakeFiles/cmTryCompileExec436554413.dir/CheckIncludeFile.c.o
/usr/bin/cc   -fPIC   -fsigned-char -W -Wall -Werror=return-type -Werror=address -Werror=sequence-point -Wformat -Werror=format-security -Wmissing-declarations -Wmissing-prototypes -Wstrict-prototypes -Wundef -Winit-self -Wpointer-arith -Wshadow -Wno-narrowing -fdiagnostics-show-option -Wno-long-long -pthread -fomit-frame-pointer -msse -msse2 -msse3 -ffunction-sections  -O3 -DNDEBUG   -o CMakeFiles/cmTryCompileExec436554413.dir/CheckIncludeFile.c.o   -c /home/liusanjun/my_opencv/opencv/build/CMakeFiles/CMakeTmp/CheckIncludeFile.c
/home/liusanjun/my_opencv/opencv/build/CMakeFiles/CMakeTmp/CheckIncludeFile.c:1:29: fatal error: ffmpeg/avformat.h: No such file or directory
 #include <ffmpeg/avformat.h>
                             ^
compilation terminated.
make[1]: *** [CMakeFiles/cmTryCompileExec436554413.dir/CheckIncludeFile.c.o] Error 1
make[1]: Leaving directory `/home/liusanjun/my_opencv/opencv/build/CMakeFiles/CMakeTmp'
make: *** [cmTryCompileExec436554413/fast] Error 2


